(0000) 3000  0011000000000000 (   6)                 .ORIG x3000
(3000) 4805  0100100000000101 (   7)                 JSR   GETTYPE
(3001) 480C  0100100000001100 (   8)                 JSR   GETKEY
(3002) 4813  0100100000010011 (   9)                 JSR   GETSTR
(3003) 481F  0100100000011111 (  10)                 JSR   CRYPT
(3004) 484C  0100100001001100 (  11)                 JSR   PRINT
(3005) 0E56  0000111001010110 (  12)                 BRNZP END
(3006) 3EB1  0011111010110001 (  14) GETTYPE         ST    R7 SAVER7
(3007) E055  1110000001010101 (  15)                 LEA   R0 TYPESTR
(3008) F022  1111000000100010 (  16)                 TRAP  x22
(3009) F020  1111000000100000 (  17)                 TRAP  x20
(300A) F021  1111000000100001 (  18)                 TRAP  x21
(300B) B0AD  1011000010101101 (  19)                 STI   R0 TYPE
(300C) 2EAB  0010111010101011 (  20)                 LD    R7 SAVER7
(300D) C1C0  1100000111000000 (  21)                 RET   
(300E) 3EA9  0011111010101001 (  23) GETKEY          ST    R7 SAVER7
(300F) E069  1110000001101001 (  24)                 LEA   R0 KEYSTR
(3010) F022  1111000000100010 (  25)                 TRAP  x22
(3011) F020  1111000000100000 (  26)                 TRAP  x20
(3012) F021  1111000000100001 (  27)                 TRAP  x21
(3013) B0A6  1011000010100110 (  28)                 STI   R0 KEY
(3014) 2EA3  0010111010100011 (  29)                 LD    R7 SAVER7
(3015) C1C0  1100000111000000 (  30)                 RET   
(3016) 22A4  0010001010100100 (  32) GETSTR          LD    R1 MESS
(3017) 249F  0010010010011111 (  33)                 LD    R2 NEWLINE
(3018) 3E9F  0011111010011111 (  34)                 ST    R7 SAVER7
(3019) E07C  1110000001111100 (  35)                 LEA   R0 MESSSTR
(301A) F022  1111000000100010 (  36)                 TRAP  x22
(301B) F020  1111000000100000 (  37) AGAIN           TRAP  x20
(301C) F021  1111000000100001 (  38)                 TRAP  x21
(301D) 7040  0111000001000000 (  39)                 STR   R0 R1 #0
(301E) 1261  0001001001100001 (  40)                 ADD   R1 R1 #1
(301F) 1680  0001011010000000 (  41)                 ADD   R3 R2 R0
(3020) 0BFA  0000101111111010 (  42)                 BRNP  AGAIN
(3021) 2E96  0010111010010110 (  43)                 LD    R7 SAVER7
(3022) C1C0  1100000111000000 (  44)                 RET   
(3023) 3E94  0011111010010100 (  46) CRYPT           ST    R7 SAVER7
(3024) 2296  0010001010010110 (  47)                 LD    R1 MESS
(3025) 2496  0010010010010110 (  48)                 LD    R2 RES
(3026) 6C40  0110110001000000 (  49) LOOP            LDR   R6 R1 #0
(3027) 1DB6  0001110110110110 (  50)                 ADD   R6 R6 #-10
(3028) 0408  0000010000001000 (  51)                 BRZ   GOBACK
(3029) 2A93  0010101010010011 (  52)                 LD    R5 E
(302A) A88E  1010100010001110 (  53)                 LDI   R4 TYPE
(302B) 1B44  0001101101000100 (  54)                 ADD   R5 R5 R4
(302C) 0408  0000010000001000 (  55)                 BRZ   ENCRT
(302D) 080C  0000100000001100 (  56)                 BRN   DECRT
(302E) 1261  0001001001100001 (  57) GOON1           ADD   R1 R1 #1
(302F) 14A1  0001010010100001 (  58)                 ADD   R2 R2 #1
(3030) 0FF5  0000111111110101 (  59)                 BRNZP LOOP
(3031) 2E86  0010111010000110 (  60) GOBACK          LD    R7 SAVER7
(3032) 1DAA  0001110110101010 (  61)                 ADD   R6 R6 #10
(3033) 7C80  0111110010000000 (  62)                 STR   R6 R2 #0
(3034) C1C0  1100000111000000 (  63)                 RET   
(3035) 6640  0110011001000000 (  67) ENCRT           LDR   R3 R1 #0
(3036) 4808  0100100000001000 (  68)                 JSR   TOGGLE
(3037) 480D  0100100000001101 (  69)                 JSR   ADDKEY
(3038) 7680  0111011010000000 (  70)                 STR   R3 R2 #0
(3039) 0FF4  0000111111110100 (  71)                 BRNZP GOON1
(303A) 6640  0110011001000000 (  73) DECRT           LDR   R3 R1 #0
(303B) 480E  0100100000001110 (  74)                 JSR   SUBKEY
(303C) 4802  0100100000000010 (  75)                 JSR   TOGGLE
(303D) 7680  0111011010000000 (  76)                 STR   R3 R2 #0
(303E) 0FEF  0000111111101111 (  77)                 BRNZP GOON1
(303F) 58E1  0101100011100001 (  80) TOGGLE          AND   R4 R3 #1
(3040) 0402  0000010000000010 (  81)                 BRZ   addOne
(3041) 16FF  0001011011111111 (  82)                 ADD   R3 R3 #-1
(3042) C1C0  1100000111000000 (  83)                 RET   
(3043) 16E1  0001011011100001 (  84) addOne          ADD   R3 R3 #1
(3044) C1C0  1100000111000000 (  85)                 RET   
(3045) A874  1010100001110100 (  87) ADDKEY          LDI   R4 KEY
(3046) 2A77  0010101001110111 (  88)                 LD    R5 ZERO
(3047) 1905  0001100100000101 (  89)                 ADD   R4 R4 R5
(3048) 16C4  0001011011000100 (  90)                 ADD   R3 R3 R4
(3049) C1C0  1100000111000000 (  91)                 RET   
(304A) A86F  1010100001101111 (  93) SUBKEY          LDI   R4 KEY
(304B) 2A72  0010101001110010 (  94)                 LD    R5 ZERO
(304C) 1905  0001100100000101 (  95)                 ADD   R4 R4 R5
(304D) 993F  1001100100111111 (  96)                 NOT   R4 R4
(304E) 1921  0001100100100001 (  97)                 ADD   R4 R4 #1
(304F) 16C4  0001011011000100 (  98)                 ADD   R3 R3 R4
(3050) C1C0  1100000111000000 (  99)                 RET   
(3051) 3E66  0011111001100110 ( 101) PRINT           ST    R7 SAVER7
(3052) 2269  0010001001101001 ( 102)                 LD    R1 RES
(3053) 6440  0110010001000000 ( 103) LOOP2           LDR   R2 R1 #0
(3054) 16B6  0001011010110110 ( 104)                 ADD   R3 R2 #-10
(3055) 0A02  0000101000000010 ( 105)                 BRNP  GOON
(3056) 2E61  0010111001100001 ( 106)                 LD    R7 SAVER7
(3057) C1C0  1100000111000000 ( 107)                 RET   
(3058) 1261  0001001001100001 ( 108) GOON            ADD   R1 R1 #1
(3059) 10A0  0001000010100000 ( 109)                 ADD   R0 R2 #0
(305A) F021  1111000000100001 ( 110)                 TRAP  x21
(305B) 0FF7  0000111111110111 ( 111)                 BRNZP LOOP2
(305C) F025  1111000000100101 ( 113) END             TRAP  x25
(305D) 000A  0000000000001010 ( 117) TYPESTR         .FILL x000A
(305E) 0054  0000000001010100 ( 117)                 .FILL x0054
(305F) 0079  0000000001111001 ( 117)                 .FILL x0079
(3060) 0070  0000000001110000 ( 117)                 .FILL x0070
(3061) 0065  0000000001100101 ( 117)                 .FILL x0065
(3062) 0020  0000000000100000 ( 117)                 .FILL x0020
(3063) 0028  0000000000101000 ( 117)                 .FILL x0028
(3064) 0045  0000000001000101 ( 117)                 .FILL x0045
(3065) 0029  0000000000101001 ( 117)                 .FILL x0029
(3066) 006E  0000000001101110 ( 117)                 .FILL x006E
(3067) 0063  0000000001100011 ( 117)                 .FILL x0063
(3068) 0072  0000000001110010 ( 117)                 .FILL x0072
(3069) 0079  0000000001111001 ( 117)                 .FILL x0079
(306A) 0070  0000000001110000 ( 117)                 .FILL x0070
(306B) 0074  0000000001110100 ( 117)                 .FILL x0074
(306C) 002F  0000000000101111 ( 117)                 .FILL x002F
(306D) 0028  0000000000101000 ( 117)                 .FILL x0028
(306E) 0044  0000000001000100 ( 117)                 .FILL x0044
(306F) 0029  0000000000101001 ( 117)                 .FILL x0029
(3070) 0065  0000000001100101 ( 117)                 .FILL x0065
(3071) 0063  0000000001100011 ( 117)                 .FILL x0063
(3072) 0072  0000000001110010 ( 117)                 .FILL x0072
(3073) 0079  0000000001111001 ( 117)                 .FILL x0079
(3074) 0070  0000000001110000 ( 117)                 .FILL x0070
(3075) 0074  0000000001110100 ( 117)                 .FILL x0074
(3076) 003A  0000000000111010 ( 117)                 .FILL x003A
(3077) 0020  0000000000100000 ( 117)                 .FILL x0020
(3078) 0000  0000000000000000 ( 117)                 .FILL x0000
(3079) 000A  0000000000001010 ( 118) KEYSTR          .FILL x000A
(307A) 0045  0000000001000101 ( 118)                 .FILL x0045
(307B) 006E  0000000001101110 ( 118)                 .FILL x006E
(307C) 0074  0000000001110100 ( 118)                 .FILL x0074
(307D) 0065  0000000001100101 ( 118)                 .FILL x0065
(307E) 0072  0000000001110010 ( 118)                 .FILL x0072
(307F) 0020  0000000000100000 ( 118)                 .FILL x0020
(3080) 0065  0000000001100101 ( 118)                 .FILL x0065
(3081) 006E  0000000001101110 ( 118)                 .FILL x006E
(3082) 0063  0000000001100011 ( 118)                 .FILL x0063
(3083) 0072  0000000001110010 ( 118)                 .FILL x0072
(3084) 0079  0000000001111001 ( 118)                 .FILL x0079
(3085) 0070  0000000001110000 ( 118)                 .FILL x0070
(3086) 0074  0000000001110100 ( 118)                 .FILL x0074
(3087) 0069  0000000001101001 ( 118)                 .FILL x0069
(3088) 006F  0000000001101111 ( 118)                 .FILL x006F
(3089) 006E  0000000001101110 ( 118)                 .FILL x006E
(308A) 0020  0000000000100000 ( 118)                 .FILL x0020
(308B) 006B  0000000001101011 ( 118)                 .FILL x006B
(308C) 0065  0000000001100101 ( 118)                 .FILL x0065
(308D) 0079  0000000001111001 ( 118)                 .FILL x0079
(308E) 0028  0000000000101000 ( 118)                 .FILL x0028
(308F) 0031  0000000000110001 ( 118)                 .FILL x0031
(3090) 002D  0000000000101101 ( 118)                 .FILL x002D
(3091) 0039  0000000000111001 ( 118)                 .FILL x0039
(3092) 0029  0000000000101001 ( 118)                 .FILL x0029
(3093) 003A  0000000000111010 ( 118)                 .FILL x003A
(3094) 0020  0000000000100000 ( 118)                 .FILL x0020
(3095) 0000  0000000000000000 ( 118)                 .FILL x0000
(3096) 000A  0000000000001010 ( 119) MESSSTR         .FILL x000A
(3097) 0045  0000000001000101 ( 119)                 .FILL x0045
(3098) 006E  0000000001101110 ( 119)                 .FILL x006E
(3099) 0074  0000000001110100 ( 119)                 .FILL x0074
(309A) 0065  0000000001100101 ( 119)                 .FILL x0065
(309B) 0072  0000000001110010 ( 119)                 .FILL x0072
(309C) 0020  0000000000100000 ( 119)                 .FILL x0020
(309D) 006D  0000000001101101 ( 119)                 .FILL x006D
(309E) 0065  0000000001100101 ( 119)                 .FILL x0065
(309F) 0073  0000000001110011 ( 119)                 .FILL x0073
(30A0) 0073  0000000001110011 ( 119)                 .FILL x0073
(30A1) 0061  0000000001100001 ( 119)                 .FILL x0061
(30A2) 0067  0000000001100111 ( 119)                 .FILL x0067
(30A3) 0065  0000000001100101 ( 119)                 .FILL x0065
(30A4) 0020  0000000000100000 ( 119)                 .FILL x0020
(30A5) 0028  0000000000101000 ( 119)                 .FILL x0028
(30A6) 0032  0000000000110010 ( 119)                 .FILL x0032
(30A7) 0030  0000000000110000 ( 119)                 .FILL x0030
(30A8) 0020  0000000000100000 ( 119)                 .FILL x0020
(30A9) 0063  0000000001100011 ( 119)                 .FILL x0063
(30AA) 0068  0000000001101000 ( 119)                 .FILL x0068
(30AB) 0061  0000000001100001 ( 119)                 .FILL x0061
(30AC) 0072  0000000001110010 ( 119)                 .FILL x0072
(30AD) 0020  0000000000100000 ( 119)                 .FILL x0020
(30AE) 006C  0000000001101100 ( 119)                 .FILL x006C
(30AF) 0069  0000000001101001 ( 119)                 .FILL x0069
(30B0) 006D  0000000001101101 ( 119)                 .FILL x006D
(30B1) 0069  0000000001101001 ( 119)                 .FILL x0069
(30B2) 0074  0000000001110100 ( 119)                 .FILL x0074
(30B3) 0029  0000000000101001 ( 119)                 .FILL x0029
(30B4) 003A  0000000000111010 ( 119)                 .FILL x003A
(30B5) 0020  0000000000100000 ( 119)                 .FILL x0020
(30B6) 0000  0000000000000000 ( 119)                 .FILL x0000
(30B7) FFF6  1111111111110110 ( 120) NEWLINE         .FILL xFFF6
(30B8) 0000  0000000000000000 ( 124) SAVER7          .FILL x0000
(30B9) 3100  0011000100000000 ( 124) TYPE            .FILL x3100
(30BA) 3101  0011000100000001 ( 125) KEY             .FILL x3101
(30BB) 3102  0011000100000010 ( 126) MESS            .FILL x3102
(30BC) 3117  0011000100010111 ( 127) RES             .FILL x3117
(30BD) FFBB  1111111110111011 ( 128) E               .FILL xFFBB
(30BE) FFD0  1111111111010000 ( 129) ZERO            .FILL xFFD0
